This file contains any messages produced by compilers while
running configure, to aid debugging if configure makes a mistake.

It was created by glm configure 0.3.1, which was
generated by GNU Autoconf 2.59.  Invocation command line was

  $ ./configure 

## --------- ##
## Platform. ##
## --------- ##

hostname = abakst-desktop
uname -m = x86_64
uname -r = 2.6.32-25-generic
uname -s = Linux
uname -v = #45-Ubuntu SMP Sat Oct 16 19:52:42 UTC 2010

/usr/bin/uname -p = unknown
/bin/uname -X     = unknown

/bin/arch              = unknown
/usr/bin/arch -k       = unknown
/usr/convex/getsysinfo = unknown
hostinfo               = unknown
/bin/machine           = unknown
/usr/bin/oslevel       = unknown
/bin/universe          = unknown

PATH: /usr/local/sbin
PATH: /usr/local/bin
PATH: /usr/sbin
PATH: /usr/bin
PATH: /sbin
PATH: /bin
PATH: /usr/games


## ----------- ##
## Core tests. ##
## ----------- ##

configure:1552: checking build system type
configure:1570: result: x86_64-unknown-linux-gnu
configure:1578: checking host system type
configure:1592: result: x86_64-unknown-linux-gnu
configure:1600: checking target system type
configure:1614: result: x86_64-unknown-linux-gnu
configure:1642: checking for a BSD-compatible install
configure:1697: result: /usr/bin/install -c
configure:1708: checking whether build environment is sane
configure:1751: result: yes
configure:1816: checking for gawk
configure:1832: found /usr/bin/gawk
configure:1842: result: gawk
configure:1852: checking whether make sets $(MAKE)
configure:1872: result: yes
configure:2090: checking for gcc
configure:2106: found /usr/bin/gcc
configure:2116: result: gcc
configure:2360: checking for C compiler version
configure:2363: gcc --version </dev/null >&5
gcc (Ubuntu 4.4.3-4ubuntu5) 4.4.3
Copyright (C) 2009 Free Software Foundation, Inc.
This is free software; see the source for copying conditions.  There is NO
warranty; not even for MERCHANTABILITY or FITNESS FOR A PARTICULAR PURPOSE.

configure:2366: $? = 0
configure:2368: gcc -v </dev/null >&5
Using built-in specs.
Target: x86_64-linux-gnu
Configured with: ../src/configure -v --with-pkgversion='Ubuntu 4.4.3-4ubuntu5' --with-bugurl=file:///usr/share/doc/gcc-4.4/README.Bugs --enable-languages=c,c++,fortran,objc,obj-c++ --prefix=/usr --enable-shared --enable-multiarch --enable-linker-build-id --with-system-zlib --libexecdir=/usr/lib --without-included-gettext --enable-threads=posix --with-gxx-include-dir=/usr/include/c++/4.4 --program-suffix=-4.4 --enable-nls --enable-clocale=gnu --enable-libstdcxx-debug --enable-plugin --enable-objc-gc --disable-werror --with-arch-32=i486 --with-tune=generic --enable-checking=release --build=x86_64-linux-gnu --host=x86_64-linux-gnu --target=x86_64-linux-gnu
Thread model: posix
gcc version 4.4.3 (Ubuntu 4.4.3-4ubuntu5) 
configure:2371: $? = 0
configure:2373: gcc -V </dev/null >&5
gcc: '-V' option must have argument
configure:2376: $? = 1
configure:2399: checking for C compiler default output file name
configure:2402: gcc    conftest.c  >&5
configure:2405: $? = 0
configure:2451: result: a.out
configure:2456: checking whether the C compiler works
configure:2462: ./a.out
configure:2465: $? = 0
configure:2482: result: yes
configure:2489: checking whether we are cross compiling
configure:2491: result: no
configure:2494: checking for suffix of executables
configure:2496: gcc -o conftest    conftest.c  >&5
configure:2499: $? = 0
configure:2524: result: 
configure:2530: checking for suffix of object files
configure:2551: gcc -c   conftest.c >&5
configure:2554: $? = 0
configure:2576: result: o
configure:2580: checking whether we are using the GNU C compiler
configure:2604: gcc -c   conftest.c >&5
configure:2610: $? = 0
configure:2614: test -z 
			 || test ! -s conftest.err
configure:2617: $? = 0
configure:2620: test -s conftest.o
configure:2623: $? = 0
configure:2636: result: yes
configure:2642: checking whether gcc accepts -g
configure:2663: gcc -c -g  conftest.c >&5
configure:2669: $? = 0
configure:2673: test -z 
			 || test ! -s conftest.err
configure:2676: $? = 0
configure:2679: test -s conftest.o
configure:2682: $? = 0
configure:2693: result: yes
configure:2710: checking for gcc option to accept ANSI C
configure:2780: gcc  -c -g -O2  conftest.c >&5
configure:2786: $? = 0
configure:2790: test -z 
			 || test ! -s conftest.err
configure:2793: $? = 0
configure:2796: test -s conftest.o
configure:2799: $? = 0
configure:2817: result: none needed
configure:2835: gcc -c -g -O2  conftest.c >&5
conftest.c:2: error: expected '=', ',', ';', 'asm' or '__attribute__' before 'me'
configure:2841: $? = 1
configure: failed program was:
| #ifndef __cplusplus
|   choke me
| #endif
configure:2985: checking for style of include used by make
configure:3013: result: GNU
configure:3041: checking dependency style of gcc
configure:3131: result: gcc3
configure:3149: checking whether gcc and cc understand -c and -o together
configure:3179: gcc -c conftest.c -o conftest.o >&5
configure:3182: $? = 0
configure:3184: gcc -c conftest.c -o conftest.o >&5
configure:3187: $? = 0
configure:3194: cc -c conftest.c >&5
configure:3197: $? = 0
configure:3200: cc -c conftest.c -o conftest.o >&5
configure:3203: $? = 0
configure:3205: cc -c conftest.c -o conftest.o >&5
configure:3208: $? = 0
configure:3226: result: yes
configure:3264: checking for a BSD-compatible install
configure:3319: result: /usr/bin/install -c
configure:3331: checking for inline
configure:3352: gcc -c -g -O2  conftest.c >&5
configure:3358: $? = 0
configure:3362: test -z 
			 || test ! -s conftest.err
configure:3365: $? = 0
configure:3368: test -s conftest.o
configure:3371: $? = 0
configure:3383: result: inline
configure:3510: checking what warning flags to pass to the C compiler
configure:3512: result: -Wall -Wmissing-prototypes
configure:3523: checking what language compliance flags to pass to the C compiler
configure:3538: result: 
configure:3620: checking for a sed that does not truncate output
configure:3676: result: /bin/sed
configure:3679: checking for egrep
configure:3689: result: grep -E
configure:3705: checking for ld used by gcc
configure:3772: result: /usr/bin/ld
configure:3781: checking if the linker (/usr/bin/ld) is GNU ld
configure:3796: result: yes
configure:3801: checking for /usr/bin/ld option to reload object files
configure:3808: result: -r
configure:3826: checking for BSD-compatible nm
configure:3875: result: /usr/bin/nm -B
configure:3879: checking whether ln -s works
configure:3883: result: yes
configure:3890: checking how to recognise dependent libraries
configure:4066: result: pass_all
configure:4153: gcc -c -g -O2  conftest.c >&5
configure:4156: $? = 0
configure:4302: checking how to run the C preprocessor
configure:4337: gcc -E  conftest.c
configure:4343: $? = 0
configure:4375: gcc -E  conftest.c
conftest.c:11:28: error: ac_nonexistent.h: No such file or directory
configure:4381: $? = 1
configure: failed program was:
| /* confdefs.h.  */
| 
| #define PACKAGE_NAME "glm"
| #define PACKAGE_TARNAME "glm"
| #define PACKAGE_VERSION "0.3.1"
| #define PACKAGE_STRING "glm 0.3.1"
| #define PACKAGE_BUGREPORT ""
| #define PACKAGE "glm"
| #define VERSION "0.3.1"
| /* end confdefs.h.  */
| #include <ac_nonexistent.h>
configure:4420: result: gcc -E
configure:4444: gcc -E  conftest.c
configure:4450: $? = 0
configure:4482: gcc -E  conftest.c
conftest.c:11:28: error: ac_nonexistent.h: No such file or directory
configure:4488: $? = 1
configure: failed program was:
| /* confdefs.h.  */
| 
| #define PACKAGE_NAME "glm"
| #define PACKAGE_TARNAME "glm"
| #define PACKAGE_VERSION "0.3.1"
| #define PACKAGE_STRING "glm 0.3.1"
| #define PACKAGE_BUGREPORT ""
| #define PACKAGE "glm"
| #define VERSION "0.3.1"
| /* end confdefs.h.  */
| #include <ac_nonexistent.h>
configure:4532: checking for ANSI C header files
configure:4557: gcc -c -g -O2  conftest.c >&5
configure:4563: $? = 0
configure:4567: test -z 
			 || test ! -s conftest.err
configure:4570: $? = 0
configure:4573: test -s conftest.o
configure:4576: $? = 0
configure:4665: gcc -o conftest -g -O2   conftest.c  >&5
conftest.c: In function 'main':
conftest.c:28: warning: incompatible implicit declaration of built-in function 'exit'
configure:4668: $? = 0
configure:4670: ./conftest
configure:4673: $? = 0
configure:4688: result: yes
configure:4712: checking for sys/types.h
configure:4728: gcc -c -g -O2  conftest.c >&5
configure:4734: $? = 0
configure:4738: test -z 
			 || test ! -s conftest.err
configure:4741: $? = 0
configure:4744: test -s conftest.o
configure:4747: $? = 0
configure:4758: result: yes
configure:4712: checking for sys/stat.h
configure:4728: gcc -c -g -O2  conftest.c >&5
configure:4734: $? = 0
configure:4738: test -z 
			 || test ! -s conftest.err
configure:4741: $? = 0
configure:4744: test -s conftest.o
configure:4747: $? = 0
configure:4758: result: yes
configure:4712: checking for stdlib.h
configure:4728: gcc -c -g -O2  conftest.c >&5
configure:4734: $? = 0
configure:4738: test -z 
			 || test ! -s conftest.err
configure:4741: $? = 0
configure:4744: test -s conftest.o
configure:4747: $? = 0
configure:4758: result: yes
configure:4712: checking for string.h
configure:4728: gcc -c -g -O2  conftest.c >&5
configure:4734: $? = 0
configure:4738: test -z 
			 || test ! -s conftest.err
configure:4741: $? = 0
configure:4744: test -s conftest.o
configure:4747: $? = 0
configure:4758: result: yes
configure:4712: checking for memory.h
configure:4728: gcc -c -g -O2  conftest.c >&5
configure:4734: $? = 0
configure:4738: test -z 
			 || test ! -s conftest.err
configure:4741: $? = 0
configure:4744: test -s conftest.o
configure:4747: $? = 0
configure:4758: result: yes
configure:4712: checking for strings.h
configure:4728: gcc -c -g -O2  conftest.c >&5
configure:4734: $? = 0
configure:4738: test -z 
			 || test ! -s conftest.err
configure:4741: $? = 0
configure:4744: test -s conftest.o
configure:4747: $? = 0
configure:4758: result: yes
configure:4712: checking for inttypes.h
configure:4728: gcc -c -g -O2  conftest.c >&5
configure:4734: $? = 0
configure:4738: test -z 
			 || test ! -s conftest.err
configure:4741: $? = 0
configure:4744: test -s conftest.o
configure:4747: $? = 0
configure:4758: result: yes
configure:4712: checking for stdint.h
configure:4728: gcc -c -g -O2  conftest.c >&5
configure:4734: $? = 0
configure:4738: test -z 
			 || test ! -s conftest.err
configure:4741: $? = 0
configure:4744: test -s conftest.o
configure:4747: $? = 0
configure:4758: result: yes
configure:4712: checking for unistd.h
configure:4728: gcc -c -g -O2  conftest.c >&5
configure:4734: $? = 0
configure:4738: test -z 
			 || test ! -s conftest.err
configure:4741: $? = 0
configure:4744: test -s conftest.o
configure:4747: $? = 0
configure:4758: result: yes
configure:4784: checking dlfcn.h usability
configure:4796: gcc -c -g -O2  conftest.c >&5
configure:4802: $? = 0
configure:4806: test -z 
			 || test ! -s conftest.err
configure:4809: $? = 0
configure:4812: test -s conftest.o
configure:4815: $? = 0
configure:4825: result: yes
configure:4829: checking dlfcn.h presence
configure:4839: gcc -E  conftest.c
configure:4845: $? = 0
configure:4865: result: yes
configure:4900: checking for dlfcn.h
configure:4907: result: yes
configure:4972: checking for g++
configure:5001: result: no
configure:4972: checking for c++
configure:5001: result: no
configure:4972: checking for gpp
configure:5001: result: no
configure:4972: checking for aCC
configure:5001: result: no
configure:4972: checking for CC
configure:5001: result: no
configure:4972: checking for cxx
configure:5001: result: no
configure:4972: checking for cc++
configure:5001: result: no
configure:4972: checking for cl
configure:5001: result: no
configure:4972: checking for FCC
configure:5001: result: no
configure:4972: checking for KCC
configure:5001: result: no
configure:4972: checking for RCC
configure:5001: result: no
configure:4972: checking for xlC_r
configure:5001: result: no
configure:4972: checking for xlC
configure:5001: result: no
configure:5014: checking for C++ compiler version
configure:5017: g++ --version </dev/null >&5
./configure: line 5018: g++: command not found
configure:5020: $? = 127
configure:5022: g++ -v </dev/null >&5
./configure: line 5023: g++: command not found
configure:5025: $? = 127
configure:5027: g++ -V </dev/null >&5
./configure: line 5028: g++: command not found
configure:5030: $? = 127
configure:5033: checking whether we are using the GNU C++ compiler
configure:5057: g++ -c   conftest.cc >&5
./configure: line 5058: g++: command not found
configure:5063: $? = 127
configure: failed program was:
| /* confdefs.h.  */
| 
| #define PACKAGE_NAME "glm"
| #define PACKAGE_TARNAME "glm"
| #define PACKAGE_VERSION "0.3.1"
| #define PACKAGE_STRING "glm 0.3.1"
| #define PACKAGE_BUGREPORT ""
| #define PACKAGE "glm"
| #define VERSION "0.3.1"
| #define STDC_HEADERS 1
| #define HAVE_SYS_TYPES_H 1
| #define HAVE_SYS_STAT_H 1
| #define HAVE_STDLIB_H 1
| #define HAVE_STRING_H 1
| #define HAVE_MEMORY_H 1
| #define HAVE_STRINGS_H 1
| #define HAVE_INTTYPES_H 1
| #define HAVE_STDINT_H 1
| #define HAVE_UNISTD_H 1
| #define HAVE_DLFCN_H 1
| /* end confdefs.h.  */
| 
| int
| main ()
| {
| #ifndef __GNUC__
|        choke me
| #endif
| 
|   ;
|   return 0;
| }
configure:5089: result: no
configure:5095: checking whether g++ accepts -g
configure:5116: g++ -c -g  conftest.cc >&5
./configure: line 5117: g++: command not found
configure:5122: $? = 127
configure: failed program was:
| /* confdefs.h.  */
| 
| #define PACKAGE_NAME "glm"
| #define PACKAGE_TARNAME "glm"
| #define PACKAGE_VERSION "0.3.1"
| #define PACKAGE_STRING "glm 0.3.1"
| #define PACKAGE_BUGREPORT ""
| #define PACKAGE "glm"
| #define VERSION "0.3.1"
| #define STDC_HEADERS 1
| #define HAVE_SYS_TYPES_H 1
| #define HAVE_SYS_STAT_H 1
| #define HAVE_STDLIB_H 1
| #define HAVE_STRING_H 1
| #define HAVE_MEMORY_H 1
| #define HAVE_STRINGS_H 1
| #define HAVE_INTTYPES_H 1
| #define HAVE_STDINT_H 1
| #define HAVE_UNISTD_H 1
| #define HAVE_DLFCN_H 1
| /* end confdefs.h.  */
| 
| int
| main ()
| {
| 
|   ;
|   return 0;
| }
configure:5146: result: no
configure:5188: g++ -c   conftest.cc >&5
./configure: line 5189: g++: command not found
configure:5194: $? = 127
configure: failed program was:
| /* confdefs.h.  */
| 
| #define PACKAGE_NAME "glm"
| #define PACKAGE_TARNAME "glm"
| #define PACKAGE_VERSION "0.3.1"
| #define PACKAGE_STRING "glm 0.3.1"
| #define PACKAGE_BUGREPORT ""
| #define PACKAGE "glm"
| #define VERSION "0.3.1"
| #define STDC_HEADERS 1
| #define HAVE_SYS_TYPES_H 1
| #define HAVE_SYS_STAT_H 1
| #define HAVE_STDLIB_H 1
| #define HAVE_STRING_H 1
| #define HAVE_MEMORY_H 1
| #define HAVE_STRINGS_H 1
| #define HAVE_INTTYPES_H 1
| #define HAVE_STDINT_H 1
| #define HAVE_UNISTD_H 1
| #define HAVE_DLFCN_H 1
| /* end confdefs.h.  */
| 
| #include <stdlib.h>
| int
| main ()
| {
| exit (42);
|   ;
|   return 0;
| }
configure:5188: g++ -c   conftest.cc >&5
./configure: line 5189: g++: command not found
configure:5194: $? = 127
configure: failed program was:
| /* confdefs.h.  */
| 
| #define PACKAGE_NAME "glm"
| #define PACKAGE_TARNAME "glm"
| #define PACKAGE_VERSION "0.3.1"
| #define PACKAGE_STRING "glm 0.3.1"
| #define PACKAGE_BUGREPORT ""
| #define PACKAGE "glm"
| #define VERSION "0.3.1"
| #define STDC_HEADERS 1
| #define HAVE_SYS_TYPES_H 1
| #define HAVE_SYS_STAT_H 1
| #define HAVE_STDLIB_H 1
| #define HAVE_STRING_H 1
| #define HAVE_MEMORY_H 1
| #define HAVE_STRINGS_H 1
| #define HAVE_INTTYPES_H 1
| #define HAVE_STDINT_H 1
| #define HAVE_UNISTD_H 1
| #define HAVE_DLFCN_H 1
| /* end confdefs.h.  */
| extern "C" void std::exit (int) throw (); using std::exit;
| #include <stdlib.h>
| int
| main ()
| {
| exit (42);
|   ;
|   return 0;
| }
configure:5188: g++ -c   conftest.cc >&5
./configure: line 5189: g++: command not found
configure:5194: $? = 127
configure: failed program was:
| /* confdefs.h.  */
| 
| #define PACKAGE_NAME "glm"
| #define PACKAGE_TARNAME "glm"
| #define PACKAGE_VERSION "0.3.1"
| #define PACKAGE_STRING "glm 0.3.1"
| #define PACKAGE_BUGREPORT ""
| #define PACKAGE "glm"
| #define VERSION "0.3.1"
| #define STDC_HEADERS 1
| #define HAVE_SYS_TYPES_H 1
| #define HAVE_SYS_STAT_H 1
| #define HAVE_STDLIB_H 1
| #define HAVE_STRING_H 1
| #define HAVE_MEMORY_H 1
| #define HAVE_STRINGS_H 1
| #define HAVE_INTTYPES_H 1
| #define HAVE_STDINT_H 1
| #define HAVE_UNISTD_H 1
| #define HAVE_DLFCN_H 1
| /* end confdefs.h.  */
| extern "C" void std::exit (int); using std::exit;
| #include <stdlib.h>
| int
| main ()
| {
| exit (42);
|   ;
|   return 0;
| }
configure:5188: g++ -c   conftest.cc >&5
./configure: line 5189: g++: command not found
configure:5194: $? = 127
configure: failed program was:
| /* confdefs.h.  */
| 
| #define PACKAGE_NAME "glm"
| #define PACKAGE_TARNAME "glm"
| #define PACKAGE_VERSION "0.3.1"
| #define PACKAGE_STRING "glm 0.3.1"
| #define PACKAGE_BUGREPORT ""
| #define PACKAGE "glm"
| #define VERSION "0.3.1"
| #define STDC_HEADERS 1
| #define HAVE_SYS_TYPES_H 1
| #define HAVE_SYS_STAT_H 1
| #define HAVE_STDLIB_H 1
| #define HAVE_STRING_H 1
| #define HAVE_MEMORY_H 1
| #define HAVE_STRINGS_H 1
| #define HAVE_INTTYPES_H 1
| #define HAVE_STDINT_H 1
| #define HAVE_UNISTD_H 1
| #define HAVE_DLFCN_H 1
| /* end confdefs.h.  */
| extern "C" void exit (int) throw ();
| #include <stdlib.h>
| int
| main ()
| {
| exit (42);
|   ;
|   return 0;
| }
configure:5188: g++ -c   conftest.cc >&5
./configure: line 5189: g++: command not found
configure:5194: $? = 127
configure: failed program was:
| /* confdefs.h.  */
| 
| #define PACKAGE_NAME "glm"
| #define PACKAGE_TARNAME "glm"
| #define PACKAGE_VERSION "0.3.1"
| #define PACKAGE_STRING "glm 0.3.1"
| #define PACKAGE_BUGREPORT ""
| #define PACKAGE "glm"
| #define VERSION "0.3.1"
| #define STDC_HEADERS 1
| #define HAVE_SYS_TYPES_H 1
| #define HAVE_SYS_STAT_H 1
| #define HAVE_STDLIB_H 1
| #define HAVE_STRING_H 1
| #define HAVE_MEMORY_H 1
| #define HAVE_STRINGS_H 1
| #define HAVE_INTTYPES_H 1
| #define HAVE_STDINT_H 1
| #define HAVE_UNISTD_H 1
| #define HAVE_DLFCN_H 1
| /* end confdefs.h.  */
| extern "C" void exit (int);
| #include <stdlib.h>
| int
| main ()
| {
| exit (42);
|   ;
|   return 0;
| }
configure:5188: g++ -c   conftest.cc >&5
./configure: line 5189: g++: command not found
configure:5194: $? = 127
configure: failed program was:
| /* confdefs.h.  */
| 
| #define PACKAGE_NAME "glm"
| #define PACKAGE_TARNAME "glm"
| #define PACKAGE_VERSION "0.3.1"
| #define PACKAGE_STRING "glm 0.3.1"
| #define PACKAGE_BUGREPORT ""
| #define PACKAGE "glm"
| #define VERSION "0.3.1"
| #define STDC_HEADERS 1
| #define HAVE_SYS_TYPES_H 1
| #define HAVE_SYS_STAT_H 1
| #define HAVE_STDLIB_H 1
| #define HAVE_STRING_H 1
| #define HAVE_MEMORY_H 1
| #define HAVE_STRINGS_H 1
| #define HAVE_INTTYPES_H 1
| #define HAVE_STDINT_H 1
| #define HAVE_UNISTD_H 1
| #define HAVE_DLFCN_H 1
| /* end confdefs.h.  */
| void exit (int);
| #include <stdlib.h>
| int
| main ()
| {
| exit (42);
|   ;
|   return 0;
| }
configure:5277: checking dependency style of g++
configure:5367: result: none
configure:5673: checking for g77
configure:5702: result: no
configure:5673: checking for f77
configure:5702: result: no
configure:5673: checking for xlf
configure:5702: result: no
configure:5673: checking for frt
configure:5702: result: no
configure:5673: checking for pgf77
configure:5702: result: no
configure:5673: checking for fort77
configure:5702: result: no
configure:5673: checking for fl32
configure:5702: result: no
configure:5673: checking for af77
configure:5702: result: no
configure:5673: checking for f90
configure:5702: result: no
configure:5673: checking for xlf90
configure:5702: result: no
configure:5673: checking for pgf90
configure:5702: result: no
configure:5673: checking for epcf90
configure:5702: result: no
configure:5673: checking for f95
configure:5702: result: no
configure:5673: checking for fort
configure:5702: result: no
configure:5673: checking for xlf95
configure:5702: result: no
configure:5673: checking for ifc
configure:5702: result: no
configure:5673: checking for efc
configure:5702: result: no
configure:5673: checking for pgf95
configure:5702: result: no
configure:5673: checking for lf95
configure:5702: result: no
configure:5673: checking for gfortran
configure:5702: result: no
configure:5714: checking for Fortran 77 compiler version
configure:5717:  --version </dev/null >&5
./configure: line 5718: --version: command not found
configure:5720: $? = 127
configure:5722:  -v </dev/null >&5
./configure: line 5723: -v: command not found
configure:5725: $? = 127
configure:5727:  -V </dev/null >&5
./configure: line 5728: -V: command not found
configure:5730: $? = 127
configure:5738: checking whether we are using the GNU Fortran 77 compiler
configure:5752:  -c  conftest.F >&5
./configure: line 5753: -c: command not found
configure:5758: $? = 127
configure: failed program was:
|       program main
| #ifndef __GNUC__
|        choke me
| #endif
| 
|       end
configure:5784: result: no
configure:5790: checking whether  accepts -g
configure:5802:  -c -g conftest.f >&5
./configure: line 5803: -c: command not found
configure:5808: $? = 127
configure: failed program was:
|       program main
| 
|       end
configure:5833: result: no
configure:5863: checking the maximum length of command line arguments
configure:5972: result: 32768
configure:5983: checking command to parse /usr/bin/nm -B output from gcc object
configure:6088: gcc -c -g -O2  conftest.c >&5
configure:6091: $? = 0
configure:6095: /usr/bin/nm -B conftest.o \| sed -n -e 's/^.*[ 	]\([ABCDGIRSTW][ABCDGIRSTW]*\)[ 	][ 	]*\([_A-Za-z][_A-Za-z0-9]*\)$/\1 \2 \2/p' \> conftest.nm
configure:6098: $? = 0
configure:6150: gcc -o conftest -g -O2   conftest.c conftstm.o >&5
configure:6153: $? = 0
configure:6191: result: ok
configure:6195: checking for objdir
configure:6210: result: .libs
configure:6300: checking for ar
configure:6316: found /usr/bin/ar
configure:6327: result: ar
configure:6380: checking for ranlib
configure:6396: found /usr/bin/ranlib
configure:6407: result: ranlib
configure:6460: checking for strip
configure:6476: found /usr/bin/strip
configure:6487: result: strip
configure:6759: checking if gcc supports -fno-rtti -fno-exceptions
configure:6777: gcc -c -g -O2  -fno-rtti -fno-exceptions conftest.c >&5
cc1: warning: command line option "-fno-rtti" is valid for C++/ObjC++ but not for C
configure:6781: $? = 0
configure:6794: result: no
configure:6809: checking for gcc option to produce PIC
configure:7019: result: -fPIC
configure:7027: checking if gcc PIC flag -fPIC works
configure:7045: gcc -c -g -O2  -fPIC -DPIC conftest.c >&5
configure:7049: $? = 0
configure:7062: result: yes
configure:7090: checking if gcc static flag -static works
configure:7118: result: yes
configure:7128: checking if gcc supports -c -o file.o
configure:7149: gcc -c -g -O2  -o out/conftest2.o conftest.c >&5
configure:7153: $? = 0
configure:7175: result: yes
configure:7201: checking whether the gcc linker (/usr/bin/ld -m elf_x86_64) supports shared libraries
configure:8159: result: yes
configure:8226: checking dynamic linker characteristics
configure:8619: gcc -c -g -O2  conftest.c >&5
configure:8622: $? = 0
configure:8835: result: GNU/Linux ld.so
configure:8844: checking how to hardcode library paths into programs
configure:8869: result: immediate
configure:8883: checking whether stripping libraries is possible
configure:8888: result: yes
configure:9722: checking if libtool supports shared libraries
configure:9724: result: yes
configure:9727: checking whether to build shared libraries
configure:9748: result: no
configure:9751: checking whether to build static libraries
configure:9755: result: yes
configure:9847: creating libtool
configure:19058: checking for strdup
configure:19115: gcc -o conftest -g -O2   conftest.c  >&5
conftest.c:49: warning: conflicting types for built-in function 'strdup'
configure:19121: $? = 0
configure:19125: test -z 
			 || test ! -s conftest.err
configure:19128: $? = 0
configure:19131: test -s conftest
configure:19134: $? = 0
configure:19146: result: yes
configure:19157: checking for X
configure:19262: gcc -E  conftest.c
configure:19268: $? = 0
configure:19318: gcc -o conftest -g -O2   conftest.c -lX11  >&5
configure:19324: $? = 0
configure:19328: test -z 
			 || test ! -s conftest.err
configure:19331: $? = 0
configure:19334: test -s conftest
configure:19337: $? = 0
configure:19387: result: libraries , headers 
configure:19539: checking for the pthreads library -lpthreads
configure:19577: gcc -o conftest -g -O2    conftest.c -lpthreads  >&5
/usr/bin/ld: cannot find -lpthreads
collect2: ld returned 1 exit status
configure:19583: $? = 1
configure: failed program was:
| /* confdefs.h.  */
| 
| #define PACKAGE_NAME "glm"
| #define PACKAGE_TARNAME "glm"
| #define PACKAGE_VERSION "0.3.1"
| #define PACKAGE_STRING "glm 0.3.1"
| #define PACKAGE_BUGREPORT ""
| #define PACKAGE "glm"
| #define VERSION "0.3.1"
| #define STDC_HEADERS 1
| #define HAVE_SYS_TYPES_H 1
| #define HAVE_SYS_STAT_H 1
| #define HAVE_STDLIB_H 1
| #define HAVE_STRING_H 1
| #define HAVE_MEMORY_H 1
| #define HAVE_STRINGS_H 1
| #define HAVE_INTTYPES_H 1
| #define HAVE_STDINT_H 1
| #define HAVE_UNISTD_H 1
| #define HAVE_DLFCN_H 1
| #ifdef __cplusplus
| void exit (int);
| #endif
| #define HAVE_STRDUP 1
| /* end confdefs.h.  */
| #include <pthread.h>
| int
| main ()
| {
| pthread_t th; pthread_join(th, 0);
|                      pthread_attr_init(0); pthread_cleanup_push(0, 0);
|                      pthread_create(0,0,0,0); pthread_cleanup_pop(0);
|   ;
|   return 0;
| }
configure:19610: result: no
configure:19528: checking whether pthreads work without any flags
configure:19577: gcc -o conftest -g -O2    conftest.c   >&5
/tmp/ccoPtcZ9.o: In function `main':
/home/abakst/Zoepis/glm-0.3.1/conftest.c:30: undefined reference to `pthread_join'
/home/abakst/Zoepis/glm-0.3.1/conftest.c:31: undefined reference to `__pthread_register_cancel'
/home/abakst/Zoepis/glm-0.3.1/conftest.c:32: undefined reference to `pthread_create'
/home/abakst/Zoepis/glm-0.3.1/conftest.c:32: undefined reference to `__pthread_unregister_cancel'
collect2: ld returned 1 exit status
configure:19583: $? = 1
configure: failed program was:
| /* confdefs.h.  */
| 
| #define PACKAGE_NAME "glm"
| #define PACKAGE_TARNAME "glm"
| #define PACKAGE_VERSION "0.3.1"
| #define PACKAGE_STRING "glm 0.3.1"
| #define PACKAGE_BUGREPORT ""
| #define PACKAGE "glm"
| #define VERSION "0.3.1"
| #define STDC_HEADERS 1
| #define HAVE_SYS_TYPES_H 1
| #define HAVE_SYS_STAT_H 1
| #define HAVE_STDLIB_H 1
| #define HAVE_STRING_H 1
| #define HAVE_MEMORY_H 1
| #define HAVE_STRINGS_H 1
| #define HAVE_INTTYPES_H 1
| #define HAVE_STDINT_H 1
| #define HAVE_UNISTD_H 1
| #define HAVE_DLFCN_H 1
| #ifdef __cplusplus
| void exit (int);
| #endif
| #define HAVE_STRDUP 1
| /* end confdefs.h.  */
| #include <pthread.h>
| int
| main ()
| {
| pthread_t th; pthread_join(th, 0);
|                      pthread_attr_init(0); pthread_cleanup_push(0, 0);
|                      pthread_create(0,0,0,0); pthread_cleanup_pop(0);
|   ;
|   return 0;
| }
configure:19610: result: no
configure:19533: checking whether pthreads work with -Kthread
configure:19577: gcc -o conftest -g -O2 -Kthread   conftest.c   >&5
gcc: unrecognized option '-Kthread'
/tmp/ccVpi2Tl.o: In function `main':
/home/abakst/Zoepis/glm-0.3.1/conftest.c:30: undefined reference to `pthread_join'
/home/abakst/Zoepis/glm-0.3.1/conftest.c:31: undefined reference to `__pthread_register_cancel'
/home/abakst/Zoepis/glm-0.3.1/conftest.c:32: undefined reference to `pthread_create'
/home/abakst/Zoepis/glm-0.3.1/conftest.c:32: undefined reference to `__pthread_unregister_cancel'
collect2: ld returned 1 exit status
configure:19583: $? = 1
configure: failed program was:
| /* confdefs.h.  */
| 
| #define PACKAGE_NAME "glm"
| #define PACKAGE_TARNAME "glm"
| #define PACKAGE_VERSION "0.3.1"
| #define PACKAGE_STRING "glm 0.3.1"
| #define PACKAGE_BUGREPORT ""
| #define PACKAGE "glm"
| #define VERSION "0.3.1"
| #define STDC_HEADERS 1
| #define HAVE_SYS_TYPES_H 1
| #define HAVE_SYS_STAT_H 1
| #define HAVE_STDLIB_H 1
| #define HAVE_STRING_H 1
| #define HAVE_MEMORY_H 1
| #define HAVE_STRINGS_H 1
| #define HAVE_INTTYPES_H 1
| #define HAVE_STDINT_H 1
| #define HAVE_UNISTD_H 1
| #define HAVE_DLFCN_H 1
| #ifdef __cplusplus
| void exit (int);
| #endif
| #define HAVE_STRDUP 1
| /* end confdefs.h.  */
| #include <pthread.h>
| int
| main ()
| {
| pthread_t th; pthread_join(th, 0);
|                      pthread_attr_init(0); pthread_cleanup_push(0, 0);
|                      pthread_create(0,0,0,0); pthread_cleanup_pop(0);
|   ;
|   return 0;
| }
configure:19610: result: no
configure:19533: checking whether pthreads work with -kthread
configure:19577: gcc -o conftest -g -O2 -kthread   conftest.c   >&5
gcc: unrecognized option '-kthread'
/tmp/ccCL5rHz.o: In function `main':
/home/abakst/Zoepis/glm-0.3.1/conftest.c:30: undefined reference to `pthread_join'
/home/abakst/Zoepis/glm-0.3.1/conftest.c:31: undefined reference to `__pthread_register_cancel'
/home/abakst/Zoepis/glm-0.3.1/conftest.c:32: undefined reference to `pthread_create'
/home/abakst/Zoepis/glm-0.3.1/conftest.c:32: undefined reference to `__pthread_unregister_cancel'
collect2: ld returned 1 exit status
configure:19583: $? = 1
configure: failed program was:
| /* confdefs.h.  */
| 
| #define PACKAGE_NAME "glm"
| #define PACKAGE_TARNAME "glm"
| #define PACKAGE_VERSION "0.3.1"
| #define PACKAGE_STRING "glm 0.3.1"
| #define PACKAGE_BUGREPORT ""
| #define PACKAGE "glm"
| #define VERSION "0.3.1"
| #define STDC_HEADERS 1
| #define HAVE_SYS_TYPES_H 1
| #define HAVE_SYS_STAT_H 1
| #define HAVE_STDLIB_H 1
| #define HAVE_STRING_H 1
| #define HAVE_MEMORY_H 1
| #define HAVE_STRINGS_H 1
| #define HAVE_INTTYPES_H 1
| #define HAVE_STDINT_H 1
| #define HAVE_UNISTD_H 1
| #define HAVE_DLFCN_H 1
| #ifdef __cplusplus
| void exit (int);
| #endif
| #define HAVE_STRDUP 1
| /* end confdefs.h.  */
| #include <pthread.h>
| int
| main ()
| {
| pthread_t th; pthread_join(th, 0);
|                      pthread_attr_init(0); pthread_cleanup_push(0, 0);
|                      pthread_create(0,0,0,0); pthread_cleanup_pop(0);
|   ;
|   return 0;
| }
configure:19610: result: no
configure:19539: checking for the pthreads library -llthread
configure:19577: gcc -o conftest -g -O2    conftest.c -llthread  >&5
/usr/bin/ld: cannot find -llthread
collect2: ld returned 1 exit status
configure:19583: $? = 1
configure: failed program was:
| /* confdefs.h.  */
| 
| #define PACKAGE_NAME "glm"
| #define PACKAGE_TARNAME "glm"
| #define PACKAGE_VERSION "0.3.1"
| #define PACKAGE_STRING "glm 0.3.1"
| #define PACKAGE_BUGREPORT ""
| #define PACKAGE "glm"
| #define VERSION "0.3.1"
| #define STDC_HEADERS 1
| #define HAVE_SYS_TYPES_H 1
| #define HAVE_SYS_STAT_H 1
| #define HAVE_STDLIB_H 1
| #define HAVE_STRING_H 1
| #define HAVE_MEMORY_H 1
| #define HAVE_STRINGS_H 1
| #define HAVE_INTTYPES_H 1
| #define HAVE_STDINT_H 1
| #define HAVE_UNISTD_H 1
| #define HAVE_DLFCN_H 1
| #ifdef __cplusplus
| void exit (int);
| #endif
| #define HAVE_STRDUP 1
| /* end confdefs.h.  */
| #include <pthread.h>
| int
| main ()
| {
| pthread_t th; pthread_join(th, 0);
|                      pthread_attr_init(0); pthread_cleanup_push(0, 0);
|                      pthread_create(0,0,0,0); pthread_cleanup_pop(0);
|   ;
|   return 0;
| }
configure:19610: result: no
configure:19533: checking whether pthreads work with -pthread
configure:19577: gcc -o conftest -g -O2 -pthread   conftest.c   >&5
configure:19583: $? = 0
configure:19587: test -z 
			 || test ! -s conftest.err
configure:19590: $? = 0
configure:19593: test -s conftest
configure:19596: $? = 0
configure:19610: result: yes
configure:19630: checking for joinable pthread attribute
configure:19648: gcc -o conftest -g -O2 -pthread   conftest.c   >&5
configure:19654: $? = 0
configure:19658: test -z 
			 || test ! -s conftest.err
configure:19661: $? = 0
configure:19664: test -s conftest
configure:19667: $? = 0
configure:19733: result: PTHREAD_CREATE_JOINABLE
configure:19740: checking if more special flags are required for pthreads
configure:19747: result: no
configure:19759: checking for cc_r
configure:19786: result: gcc
configure:19847: checking whether we are using the Microsoft C compiler
configure:19871: gcc -c -g -O2  conftest.c >&5
conftest.c: In function 'main':
conftest.c:32: error: 'choke' undeclared (first use in this function)
conftest.c:32: error: (Each undeclared identifier is reported only once
conftest.c:32: error: for each function it appears in.)
conftest.c:32: error: expected ';' before 'me'
configure:19877: $? = 1
configure: failed program was:
| /* confdefs.h.  */
| 
| #define PACKAGE_NAME "glm"
| #define PACKAGE_TARNAME "glm"
| #define PACKAGE_VERSION "0.3.1"
| #define PACKAGE_STRING "glm 0.3.1"
| #define PACKAGE_BUGREPORT ""
| #define PACKAGE "glm"
| #define VERSION "0.3.1"
| #define STDC_HEADERS 1
| #define HAVE_SYS_TYPES_H 1
| #define HAVE_SYS_STAT_H 1
| #define HAVE_STDLIB_H 1
| #define HAVE_STRING_H 1
| #define HAVE_MEMORY_H 1
| #define HAVE_STRINGS_H 1
| #define HAVE_INTTYPES_H 1
| #define HAVE_STDINT_H 1
| #define HAVE_UNISTD_H 1
| #define HAVE_DLFCN_H 1
| #ifdef __cplusplus
| void exit (int);
| #endif
| #define HAVE_STRDUP 1
| #define HAVE_PTHREAD 1
| /* end confdefs.h.  */
| 
| int
| main ()
| {
| #ifndef _MSC_VER
|        choke me
| #endif
| 
|   ;
|   return 0;
| }
configure:19903: result: no
configure:19937: checking windows.h usability
configure:19949: gcc -c -g -O2  conftest.c >&5
conftest.c:61:21: error: windows.h: No such file or directory
configure:19955: $? = 1
configure: failed program was:
| /* confdefs.h.  */
| 
| #define PACKAGE_NAME "glm"
| #define PACKAGE_TARNAME "glm"
| #define PACKAGE_VERSION "0.3.1"
| #define PACKAGE_STRING "glm 0.3.1"
| #define PACKAGE_BUGREPORT ""
| #define PACKAGE "glm"
| #define VERSION "0.3.1"
| #define STDC_HEADERS 1
| #define HAVE_SYS_TYPES_H 1
| #define HAVE_SYS_STAT_H 1
| #define HAVE_STDLIB_H 1
| #define HAVE_STRING_H 1
| #define HAVE_MEMORY_H 1
| #define HAVE_STRINGS_H 1
| #define HAVE_INTTYPES_H 1
| #define HAVE_STDINT_H 1
| #define HAVE_UNISTD_H 1
| #define HAVE_DLFCN_H 1
| #ifdef __cplusplus
| void exit (int);
| #endif
| #define HAVE_STRDUP 1
| #define HAVE_PTHREAD 1
| /* end confdefs.h.  */
| #include <stdio.h>
| #if HAVE_SYS_TYPES_H
| # include <sys/types.h>
| #endif
| #if HAVE_SYS_STAT_H
| # include <sys/stat.h>
| #endif
| #if STDC_HEADERS
| # include <stdlib.h>
| # include <stddef.h>
| #else
| # if HAVE_STDLIB_H
| #  include <stdlib.h>
| # endif
| #endif
| #if HAVE_STRING_H
| # if !STDC_HEADERS && HAVE_MEMORY_H
| #  include <memory.h>
| # endif
| # include <string.h>
| #endif
| #if HAVE_STRINGS_H
| # include <strings.h>
| #endif
| #if HAVE_INTTYPES_H
| # include <inttypes.h>
| #else
| # if HAVE_STDINT_H
| #  include <stdint.h>
| # endif
| #endif
| #if HAVE_UNISTD_H
| # include <unistd.h>
| #endif
| #include <windows.h>
configure:19978: result: no
configure:19982: checking windows.h presence
configure:19992: gcc -E  conftest.c
conftest.c:27:21: error: windows.h: No such file or directory
configure:19998: $? = 1
configure: failed program was:
| /* confdefs.h.  */
| 
| #define PACKAGE_NAME "glm"
| #define PACKAGE_TARNAME "glm"
| #define PACKAGE_VERSION "0.3.1"
| #define PACKAGE_STRING "glm 0.3.1"
| #define PACKAGE_BUGREPORT ""
| #define PACKAGE "glm"
| #define VERSION "0.3.1"
| #define STDC_HEADERS 1
| #define HAVE_SYS_TYPES_H 1
| #define HAVE_SYS_STAT_H 1
| #define HAVE_STDLIB_H 1
| #define HAVE_STRING_H 1
| #define HAVE_MEMORY_H 1
| #define HAVE_STRINGS_H 1
| #define HAVE_INTTYPES_H 1
| #define HAVE_STDINT_H 1
| #define HAVE_UNISTD_H 1
| #define HAVE_DLFCN_H 1
| #ifdef __cplusplus
| void exit (int);
| #endif
| #define HAVE_STRDUP 1
| #define HAVE_PTHREAD 1
| /* end confdefs.h.  */
| #include <windows.h>
configure:20018: result: no
configure:20053: checking for windows.h
configure:20060: result: no
configure:20074: checking for OpenGL library
configure:20112: gcc -o conftest -g -O2 -pthread   conftest.c -lopengl32  -lm  >&5
/usr/bin/ld: cannot find -lopengl32
collect2: ld returned 1 exit status
configure:20118: $? = 1
configure: failed program was:
| /* confdefs.h.  */
| 
| #define PACKAGE_NAME "glm"
| #define PACKAGE_TARNAME "glm"
| #define PACKAGE_VERSION "0.3.1"
| #define PACKAGE_STRING "glm 0.3.1"
| #define PACKAGE_BUGREPORT ""
| #define PACKAGE "glm"
| #define VERSION "0.3.1"
| #define STDC_HEADERS 1
| #define HAVE_SYS_TYPES_H 1
| #define HAVE_SYS_STAT_H 1
| #define HAVE_STDLIB_H 1
| #define HAVE_STRING_H 1
| #define HAVE_MEMORY_H 1
| #define HAVE_STRINGS_H 1
| #define HAVE_INTTYPES_H 1
| #define HAVE_STDINT_H 1
| #define HAVE_UNISTD_H 1
| #define HAVE_DLFCN_H 1
| #ifdef __cplusplus
| void exit (int);
| #endif
| #define HAVE_STRDUP 1
| #define HAVE_PTHREAD 1
| /* end confdefs.h.  */
| 
| # if HAVE_WINDOWS_H && defined(_WIN32)
| #   include <windows.h>
| # endif
| # include <GL/gl.h>
| int
| main ()
| {
| glBegin(0)
|   ;
|   return 0;
| }
configure:20112: gcc -o conftest -g -O2 -pthread   conftest.c -lGL  -lm  >&5
configure:20118: $? = 0
configure:20122: test -z 
			 || test ! -s conftest.err
configure:20125: $? = 0
configure:20128: test -s conftest
configure:20131: $? = 0
configure:20145: result: -lGL
configure:20168: checking for OpenGL Utility library
configure:20226: g++ -o conftest  -pthread   conftest.cc -lglu32 -lGL  -lm  >&5
./configure: line 20227: g++: command not found
configure:20232: $? = 127
configure: failed program was:
| /* confdefs.h.  */
| 
| #define PACKAGE_NAME "glm"
| #define PACKAGE_TARNAME "glm"
| #define PACKAGE_VERSION "0.3.1"
| #define PACKAGE_STRING "glm 0.3.1"
| #define PACKAGE_BUGREPORT ""
| #define PACKAGE "glm"
| #define VERSION "0.3.1"
| #define STDC_HEADERS 1
| #define HAVE_SYS_TYPES_H 1
| #define HAVE_SYS_STAT_H 1
| #define HAVE_STDLIB_H 1
| #define HAVE_STRING_H 1
| #define HAVE_MEMORY_H 1
| #define HAVE_STRINGS_H 1
| #define HAVE_INTTYPES_H 1
| #define HAVE_STDINT_H 1
| #define HAVE_UNISTD_H 1
| #define HAVE_DLFCN_H 1
| #ifdef __cplusplus
| void exit (int);
| #endif
| #define HAVE_STRDUP 1
| #define HAVE_PTHREAD 1
| /* end confdefs.h.  */
| 
| # if HAVE_WINDOWS_H && defined(_WIN32)
| #   include <windows.h>
| # endif
| # include <GL/glu.h>
| int
| main ()
| {
| gluBeginCurve(0)
|   ;
|   return 0;
| }
configure:20226: g++ -o conftest  -pthread   conftest.cc -lGLU -lGL  -lm  >&5
./configure: line 20227: g++: command not found
configure:20232: $? = 127
configure: failed program was:
| /* confdefs.h.  */
| 
| #define PACKAGE_NAME "glm"
| #define PACKAGE_TARNAME "glm"
| #define PACKAGE_VERSION "0.3.1"
| #define PACKAGE_STRING "glm 0.3.1"
| #define PACKAGE_BUGREPORT ""
| #define PACKAGE "glm"
| #define VERSION "0.3.1"
| #define STDC_HEADERS 1
| #define HAVE_SYS_TYPES_H 1
| #define HAVE_SYS_STAT_H 1
| #define HAVE_STDLIB_H 1
| #define HAVE_STRING_H 1
| #define HAVE_MEMORY_H 1
| #define HAVE_STRINGS_H 1
| #define HAVE_INTTYPES_H 1
| #define HAVE_STDINT_H 1
| #define HAVE_UNISTD_H 1
| #define HAVE_DLFCN_H 1
| #ifdef __cplusplus
| void exit (int);
| #endif
| #define HAVE_STRDUP 1
| #define HAVE_PTHREAD 1
| /* end confdefs.h.  */
| 
| # if HAVE_WINDOWS_H && defined(_WIN32)
| #   include <windows.h>
| # endif
| # include <GL/glu.h>
| int
| main ()
| {
| gluBeginCurve(0)
|   ;
|   return 0;
| }
configure:20273: result: no
configure:20454: gcc -o conftest -g -O2   conftest.c   -lX11 >&5
configure:20460: $? = 0
configure:20464: test -z 
			 || test ! -s conftest.err
configure:20467: $? = 0
configure:20470: test -s conftest
configure:20473: $? = 0
configure:20631: checking for gethostbyname
configure:20688: gcc -o conftest -g -O2   conftest.c  >&5
configure:20694: $? = 0
configure:20698: test -z 
			 || test ! -s conftest.err
configure:20701: $? = 0
configure:20704: test -s conftest
configure:20707: $? = 0
configure:20719: result: yes
configure:20870: checking for connect
configure:20927: gcc -o conftest -g -O2   conftest.c  >&5
configure:20933: $? = 0
configure:20937: test -z 
			 || test ! -s conftest.err
configure:20940: $? = 0
configure:20943: test -s conftest
configure:20946: $? = 0
configure:20958: result: yes
configure:21033: checking for remove
configure:21090: gcc -o conftest -g -O2   conftest.c  >&5
configure:21096: $? = 0
configure:21100: test -z 
			 || test ! -s conftest.err
configure:21103: $? = 0
configure:21106: test -s conftest
configure:21109: $? = 0
configure:21121: result: yes
configure:21196: checking for shmat
configure:21253: gcc -o conftest -g -O2   conftest.c  >&5
configure:21259: $? = 0
configure:21263: test -z 
			 || test ! -s conftest.err
configure:21266: $? = 0
configure:21269: test -s conftest
configure:21272: $? = 0
configure:21284: result: yes
configure:21368: checking for IceConnectionNumber in -lICE
configure:21398: gcc -o conftest -g -O2   conftest.c -lICE   >&5
configure:21404: $? = 0
configure:21408: test -z 
			 || test ! -s conftest.err
configure:21411: $? = 0
configure:21414: test -s conftest
configure:21417: $? = 0
configure:21430: result: yes
configure:21465: checking for GLUT library
configure:21501: gcc -o conftest -g -O2    conftest.c -lglut32  -lSM -lICE -lXmu -lXi    >&5
/usr/bin/ld: cannot find -lglut32
collect2: ld returned 1 exit status
configure:21507: $? = 1
configure: failed program was:
| /* confdefs.h.  */
| 
| #define PACKAGE_NAME "glm"
| #define PACKAGE_TARNAME "glm"
| #define PACKAGE_VERSION "0.3.1"
| #define PACKAGE_STRING "glm 0.3.1"
| #define PACKAGE_BUGREPORT ""
| #define PACKAGE "glm"
| #define VERSION "0.3.1"
| #define STDC_HEADERS 1
| #define HAVE_SYS_TYPES_H 1
| #define HAVE_SYS_STAT_H 1
| #define HAVE_STDLIB_H 1
| #define HAVE_STRING_H 1
| #define HAVE_MEMORY_H 1
| #define HAVE_STRINGS_H 1
| #define HAVE_INTTYPES_H 1
| #define HAVE_STDINT_H 1
| #define HAVE_UNISTD_H 1
| #define HAVE_DLFCN_H 1
| #ifdef __cplusplus
| void exit (int);
| #endif
| #define HAVE_STRDUP 1
| #define HAVE_PTHREAD 1
| /* end confdefs.h.  */
| 
| # if HAVE_WINDOWS_H && defined(_WIN32)
| #   include <windows.h>
| # endif
| # include <GL/glut.h>
| int
| main ()
| {
| glutMainLoop()
|   ;
|   return 0;
| }
configure:21501: gcc -o conftest -g -O2    conftest.c -lglut  -lSM -lICE -lXmu -lXi    >&5
configure:21507: $? = 0
configure:21511: test -z 
			 || test ! -s conftest.err
configure:21514: $? = 0
configure:21517: test -s conftest
configure:21520: $? = 0
configure:21535: result: -lglut
configure:21575: checking for GLUI library
configure:21611: g++ -o conftest     conftest.cc -lglui32 -lglut  -lSM -lICE -lXmu -lXi    >&5
./configure: line 21612: g++: command not found
configure:21617: $? = 127
configure: failed program was:
| /* confdefs.h.  */
| 
| #define PACKAGE_NAME "glm"
| #define PACKAGE_TARNAME "glm"
| #define PACKAGE_VERSION "0.3.1"
| #define PACKAGE_STRING "glm 0.3.1"
| #define PACKAGE_BUGREPORT ""
| #define PACKAGE "glm"
| #define VERSION "0.3.1"
| #define STDC_HEADERS 1
| #define HAVE_SYS_TYPES_H 1
| #define HAVE_SYS_STAT_H 1
| #define HAVE_STDLIB_H 1
| #define HAVE_STRING_H 1
| #define HAVE_MEMORY_H 1
| #define HAVE_STRINGS_H 1
| #define HAVE_INTTYPES_H 1
| #define HAVE_STDINT_H 1
| #define HAVE_UNISTD_H 1
| #define HAVE_DLFCN_H 1
| #ifdef __cplusplus
| void exit (int);
| #endif
| #define HAVE_STRDUP 1
| #define HAVE_PTHREAD 1
| /* end confdefs.h.  */
| 
| # if HAVE_WINDOWS_H && defined(_WIN32)
| #   include <windows.h>
| # endif
| # include <GL/glui.h>
| int
| main ()
| {
| GLUI_Master.set_glutSpecialFunc( NULL );glutMainLoop()
|   ;
|   return 0;
| }
configure:21611: g++ -o conftest     conftest.cc -lglui -lglut  -lSM -lICE -lXmu -lXi    >&5
./configure: line 21612: g++: command not found
configure:21617: $? = 127
configure: failed program was:
| /* confdefs.h.  */
| 
| #define PACKAGE_NAME "glm"
| #define PACKAGE_TARNAME "glm"
| #define PACKAGE_VERSION "0.3.1"
| #define PACKAGE_STRING "glm 0.3.1"
| #define PACKAGE_BUGREPORT ""
| #define PACKAGE "glm"
| #define VERSION "0.3.1"
| #define STDC_HEADERS 1
| #define HAVE_SYS_TYPES_H 1
| #define HAVE_SYS_STAT_H 1
| #define HAVE_STDLIB_H 1
| #define HAVE_STRING_H 1
| #define HAVE_MEMORY_H 1
| #define HAVE_STRINGS_H 1
| #define HAVE_INTTYPES_H 1
| #define HAVE_STDINT_H 1
| #define HAVE_UNISTD_H 1
| #define HAVE_DLFCN_H 1
| #ifdef __cplusplus
| void exit (int);
| #endif
| #define HAVE_STRDUP 1
| #define HAVE_PTHREAD 1
| /* end confdefs.h.  */
| 
| # if HAVE_WINDOWS_H && defined(_WIN32)
| #   include <windows.h>
| # endif
| # include <GL/glui.h>
| int
| main ()
| {
| GLUI_Master.set_glutSpecialFunc( NULL );glutMainLoop()
|   ;
|   return 0;
| }
configure:21645: result: no
configure:21689: checking for jpeg_destroy_decompress in -ljpeg
configure:21719: gcc -o conftest -g -O2   conftest.c -ljpeg -lm  >&5
configure:21725: $? = 0
configure:21729: test -z 
			 || test ! -s conftest.err
configure:21732: $? = 0
configure:21735: test -s conftest
configure:21738: $? = 0
configure:21751: result: yes
configure:21762: checking for jpeglib.h
configure:21775: gcc -E  conftest.c
configure:21781: $? = 0
configure:21801: result: yes
configure:21818: checking for png_create_read_struct in -lpng
configure:21848: gcc -o conftest -g -O2   conftest.c -lpng -lz  >&5
configure:21854: $? = 0
configure:21858: test -z 
			 || test ! -s conftest.err
configure:21861: $? = 0
configure:21864: test -s conftest
configure:21867: $? = 0
configure:21880: result: yes
configure:21890: checking for uncompress in -lz
configure:21920: gcc -o conftest -g -O2   conftest.c -lz   >&5
configure:21926: $? = 0
configure:21930: test -z 
			 || test ! -s conftest.err
configure:21933: $? = 0
configure:21936: test -s conftest
configure:21939: $? = 0
configure:21952: result: yes
configure:22131: checking for ilInit in -lIL
configure:22161: gcc -o conftest -g -O2   conftest.c -lIL -lm  >&5
/usr/bin/ld: cannot find -lIL
collect2: ld returned 1 exit status
configure:22167: $? = 1
configure: failed program was:
| /* confdefs.h.  */
| 
| #define PACKAGE_NAME "glm"
| #define PACKAGE_TARNAME "glm"
| #define PACKAGE_VERSION "0.3.1"
| #define PACKAGE_STRING "glm 0.3.1"
| #define PACKAGE_BUGREPORT ""
| #define PACKAGE "glm"
| #define VERSION "0.3.1"
| #define STDC_HEADERS 1
| #define HAVE_SYS_TYPES_H 1
| #define HAVE_SYS_STAT_H 1
| #define HAVE_STDLIB_H 1
| #define HAVE_STRING_H 1
| #define HAVE_MEMORY_H 1
| #define HAVE_STRINGS_H 1
| #define HAVE_INTTYPES_H 1
| #define HAVE_STDINT_H 1
| #define HAVE_UNISTD_H 1
| #define HAVE_DLFCN_H 1
| #ifdef __cplusplus
| void exit (int);
| #endif
| #define HAVE_STRDUP 1
| #define HAVE_PTHREAD 1
| #define HAVE_LIBJPEG 1
| #define HAVE_LIBPNG 1
| /* end confdefs.h.  */
| 
| /* Override any gcc2 internal prototype to avoid an error.  */
| #ifdef __cplusplus
| extern "C"
| #endif
| /* We use char because int might match the return type of a gcc2
|    builtin and then its argument prototype would still apply.  */
| char ilInit ();
| int
| main ()
| {
| ilInit ();
|   ;
|   return 0;
| }
configure:22193: result: no
configure:22199: WARNING: *** DevIL library not found ***
configure:22428: WARNING: *** Not using the simage library for loading textures (http://www.coin3d.org)
configure:22619: creating ./config.status

## ---------------------- ##
## Running config.status. ##
## ---------------------- ##

This file was extended by glm config.status 0.3.1, which was
generated by GNU Autoconf 2.59.  Invocation command line was

  CONFIG_FILES    = 
  CONFIG_HEADERS  = 
  CONFIG_LINKS    = 
  CONFIG_COMMANDS = 
  $ ./config.status 

on abakst-desktop

config.status:754: creating Makefile
config.status:754: creating glm/Makefile
config.status:754: creating examples/Makefile
config.status:754: creating m4/Makefile
config.status:754: creating glm.spec
config.status:858: creating config.h
config.status:974: config.h is unchanged
config.status:1154: executing depfiles commands

## ---------------- ##
## Cache variables. ##
## ---------------- ##

ac_cv_build=x86_64-unknown-linux-gnu
ac_cv_build_alias=x86_64-unknown-linux-gnu
ac_cv_c_compiler_gnu=yes
ac_cv_c_inline=inline
ac_cv_cxx_compiler_gnu=no
ac_cv_env_CC_set=
ac_cv_env_CC_value=
ac_cv_env_CFLAGS_set=
ac_cv_env_CFLAGS_value=
ac_cv_env_CPPFLAGS_set=
ac_cv_env_CPPFLAGS_value=
ac_cv_env_CPP_set=
ac_cv_env_CPP_value=
ac_cv_env_CXXCPP_set=
ac_cv_env_CXXCPP_value=
ac_cv_env_CXXFLAGS_set=
ac_cv_env_CXXFLAGS_value=
ac_cv_env_CXX_set=
ac_cv_env_CXX_value=
ac_cv_env_F77_set=
ac_cv_env_F77_value=
ac_cv_env_FFLAGS_set=
ac_cv_env_FFLAGS_value=
ac_cv_env_LDFLAGS_set=
ac_cv_env_LDFLAGS_value=
ac_cv_env_build_alias_set=
ac_cv_env_build_alias_value=
ac_cv_env_host_alias_set=
ac_cv_env_host_alias_value=
ac_cv_env_target_alias_set=
ac_cv_env_target_alias_value=
ac_cv_exeext=
ac_cv_f77_compiler_gnu=no
ac_cv_func_connect=yes
ac_cv_func_gethostbyname=yes
ac_cv_func_remove=yes
ac_cv_func_shmat=yes
ac_cv_func_strdup=yes
ac_cv_have_x='have_x=yes 		ac_x_includes= ac_x_libraries='
ac_cv_header_dlfcn_h=yes
ac_cv_header_inttypes_h=yes
ac_cv_header_memory_h=yes
ac_cv_header_stdc=yes
ac_cv_header_stdint_h=yes
ac_cv_header_stdlib_h=yes
ac_cv_header_string_h=yes
ac_cv_header_strings_h=yes
ac_cv_header_sys_stat_h=yes
ac_cv_header_sys_types_h=yes
ac_cv_header_unistd_h=yes
ac_cv_header_windows_h=no
ac_cv_host=x86_64-unknown-linux-gnu
ac_cv_host_alias=x86_64-unknown-linux-gnu
ac_cv_lib_ICE_IceConnectionNumber=yes
ac_cv_lib_IL_ilInit=no
ac_cv_lib_jpeg_jpeg_destroy_decompress=yes
ac_cv_lib_png_png_create_read_struct=yes
ac_cv_lib_z_uncompress=yes
ac_cv_objext=o
ac_cv_path_install='/usr/bin/install -c'
ac_cv_prog_AWK=gawk
ac_cv_prog_CPP='gcc -E'
ac_cv_prog_PTHREAD_CC=gcc
ac_cv_prog_ac_ct_AR=ar
ac_cv_prog_ac_ct_CC=gcc
ac_cv_prog_ac_ct_RANLIB=ranlib
ac_cv_prog_ac_ct_STRIP=strip
ac_cv_prog_cc_g=yes
ac_cv_prog_cc_gcc_c_o=yes
ac_cv_prog_cc_stdc=
ac_cv_prog_cxx_g=no
ac_cv_prog_egrep='grep -E'
ac_cv_prog_f77_g=no
ac_cv_prog_make_make_set=yes
ac_cv_target=x86_64-unknown-linux-gnu
ac_cv_target_alias=x86_64-unknown-linux-gnu
am_cv_CC_dependencies_compiler_type=gcc3
am_cv_CXX_dependencies_compiler_type=none
ax_cv_c_compiler_ms=no
ax_cv_check_gl_libgl=-lGL
ax_cv_check_glu_libglu=no
ax_cv_check_glui_libglui=no
ax_cv_check_glut_libglut=-lglut
lt_cv_deplibs_check_method=pass_all
lt_cv_file_magic_cmd='$MAGIC_CMD'
lt_cv_file_magic_test_file=
lt_cv_ld_reload_flag=-r
lt_cv_objdir=.libs
lt_cv_path_LD=/usr/bin/ld
lt_cv_path_NM='/usr/bin/nm -B'
lt_cv_path_SED=/bin/sed
lt_cv_prog_compiler_c_o=yes
lt_cv_prog_compiler_rtti_exceptions=no
lt_cv_prog_gnu_ld=yes
lt_cv_sys_global_symbol_pipe='sed -n -e '\''s/^.*[ 	]\([ABCDGIRSTW][ABCDGIRSTW]*\)[ 	][ 	]*\([_A-Za-z][_A-Za-z0-9]*\)$/\1 \2 \2/p'\'''
lt_cv_sys_global_symbol_to_c_name_address='sed -n -e '\''s/^: \([^ ]*\) $/  {\"\1\", (lt_ptr) 0},/p'\'' -e '\''s/^[BCDEGRST] \([^ ]*\) \([^ ]*\)$/  {"\2", (lt_ptr) \&\2},/p'\'''
lt_cv_sys_global_symbol_to_cdecl='sed -n -e '\''s/^. .* \(.*\)$/extern int \1;/p'\'''
lt_cv_sys_max_cmd_len=32768
lt_lt_cv_prog_compiler_c_o='"yes"'
lt_lt_cv_sys_global_symbol_pipe='"sed -n -e '\''s/^.*[ 	]\\([ABCDGIRSTW][ABCDGIRSTW]*\\)[ 	][ 	]*\\([_A-Za-z][_A-Za-z0-9]*\\)\$/\\1 \\2 \\2/p'\''"'
lt_lt_cv_sys_global_symbol_to_c_name_address='"sed -n -e '\''s/^: \\([^ ]*\\) \$/  {\\\"\\1\\\", (lt_ptr) 0},/p'\'' -e '\''s/^[BCDEGRST] \\([^ ]*\\) \\([^ ]*\\)\$/  {\"\\2\", (lt_ptr) \\&\\2},/p'\''"'
lt_lt_cv_sys_global_symbol_to_cdecl='"sed -n -e '\''s/^. .* \\(.*\\)\$/extern int \\1;/p'\''"'

## ----------------- ##
## Output variables. ##
## ----------------- ##

ACLOCAL='${SHELL} /home/abakst/Zoepis/glm-0.3.1/missing --run aclocal-1.9'
AMDEPBACKSLASH='\'
AMDEP_FALSE='#'
AMDEP_TRUE=''
AMTAR='${SHELL} /home/abakst/Zoepis/glm-0.3.1/missing --run tar'
AR='ar'
AUTOCONF='${SHELL} /home/abakst/Zoepis/glm-0.3.1/missing --run autoconf'
AUTOHEADER='${SHELL} /home/abakst/Zoepis/glm-0.3.1/missing --run autoheader'
AUTOMAKE='${SHELL} /home/abakst/Zoepis/glm-0.3.1/missing --run automake-1.9'
AWK='gawk'
CC='gcc'
CCDEPMODE='depmode=gcc3'
CFLAGS='-g -O2'
CPP='gcc -E'
CPPFLAGS=''
CXX='g++'
CXXCPP=''
CXXDEPMODE='depmode=none'
CXXFLAGS=''
CYGPATH_W='echo'
DEFS='-DHAVE_CONFIG_H'
DEPDIR='.deps'
DEVILLIBS=''
ECHO='echo'
ECHO_C=''
ECHO_N='-n'
ECHO_T=''
EGREP='grep -E'
EXEEXT=''
F77=''
FFLAGS=''
GLUI_CFLAGS=''
GLUI_LIBS=''
GLUT_CFLAGS=''
GLUT_LIBS='-lglut  -lSM -lICE -lXmu -lXi  '
GLU_CFLAGS=''
GLU_LIBS=''
GL_CFLAGS='-pthread'
GL_LIBS='-lGL  -lm'
HAVE_GIF_FALSE=''
HAVE_GIF_TRUE='#'
HAVE_GLUI_FALSE=''
HAVE_GLUI_TRUE='#'
HAVE_GLUT_FALSE='#'
HAVE_GLUT_TRUE=''
HAVE_SDL_IMAGE_FALSE=''
HAVE_SDL_IMAGE_TRUE='#'
HAVE_TIFF_FALSE=''
HAVE_TIFF_TRUE='#'
INSTALL_DATA='${INSTALL} -m 644'
INSTALL_PROGRAM='${INSTALL}'
INSTALL_SCRIPT='${INSTALL}'
INSTALL_STRIP_PROGRAM='${SHELL} $(install_sh) -c -s'
JPEGLIBS='-ljpeg'
LDFLAGS=''
LIBOBJS=''
LIBS=''
LIBTOOL='$(SHELL) $(top_builddir)/libtool'
LN_S='ln -s'
LTLIBOBJS=''
MAKEINFO='${SHELL} /home/abakst/Zoepis/glm-0.3.1/missing --run makeinfo'
OBJEXT='o'
PACKAGE='glm'
PACKAGE_BUGREPORT=''
PACKAGE_NAME='glm'
PACKAGE_STRING='glm 0.3.1'
PACKAGE_TARNAME='glm'
PACKAGE_VERSION='0.3.1'
PATH_SEPARATOR=':'
PTHREAD_CC='gcc'
PTHREAD_CFLAGS='-pthread'
PTHREAD_LIBS=''
RANLIB='ranlib'
SDL_IMAGELIBS=''
SED='/bin/sed'
SET_MAKE=''
SHELL='/bin/bash'
STRIP='strip'
SUPPORT_LIBS=' -ljpeg -lpng -lz'
VERSION='0.3.1'
WARN_CFLAGS='-Wall -Wmissing-prototypes '
X_CFLAGS=''
X_EXTRA_LIBS=''
X_LIBS=''
X_PRE_LIBS=' -lSM -lICE'
ac_ct_AR='ar'
ac_ct_CC='gcc'
ac_ct_CXX='g++'
ac_ct_F77=''
ac_ct_RANLIB='ranlib'
ac_ct_STRIP='strip'
am__fastdepCC_FALSE='#'
am__fastdepCC_TRUE=''
am__fastdepCXX_FALSE=''
am__fastdepCXX_TRUE='#'
am__include='include'
am__leading_dot='.'
am__quote=''
am__tar='${AMTAR} chof - "$$tardir"'
am__untar='${AMTAR} xf -'
bindir='${exec_prefix}/bin'
build='x86_64-unknown-linux-gnu'
build_alias=''
build_cpu='x86_64'
build_os='linux-gnu'
build_vendor='unknown'
datadir='${prefix}/share'
exec_prefix='${prefix}'
host='x86_64-unknown-linux-gnu'
host_alias=''
host_cpu='x86_64'
host_os='linux-gnu'
host_vendor='unknown'
includedir='${prefix}/include'
infodir='${prefix}/info'
install_sh='/home/abakst/Zoepis/glm-0.3.1/install-sh'
libdir='${exec_prefix}/lib'
libexecdir='${exec_prefix}/libexec'
localstatedir='${prefix}/var'
mandir='${prefix}/man'
mkdir_p='mkdir -p --'
oldincludedir='/usr/include'
prefix='/usr/local'
program_transform_name='s,x,x,'
sbindir='${exec_prefix}/sbin'
sharedstatedir='${prefix}/com'
sim_ac_simage_configcmd=''
sysconfdir='${prefix}/etc'
target='x86_64-unknown-linux-gnu'
target_alias=''
target_cpu='x86_64'
target_os='linux-gnu'
target_vendor='unknown'

## ----------- ##
## confdefs.h. ##
## ----------- ##

#define HAVE_DLFCN_H 1
#define HAVE_INTTYPES_H 1
#define HAVE_LIBJPEG 1
#define HAVE_LIBPNG 1
#define HAVE_MEMORY_H 1
#define HAVE_PTHREAD 1
#define HAVE_STDINT_H 1
#define HAVE_STDLIB_H 1
#define HAVE_STRDUP 1
#define HAVE_STRINGS_H 1
#define HAVE_STRING_H 1
#define HAVE_SYS_STAT_H 1
#define HAVE_SYS_TYPES_H 1
#define HAVE_UNISTD_H 1
#define PACKAGE "glm"
#define PACKAGE_BUGREPORT ""
#define PACKAGE_NAME "glm"
#define PACKAGE_STRING "glm 0.3.1"
#define PACKAGE_TARNAME "glm"
#define PACKAGE_VERSION "0.3.1"
#define STDC_HEADERS 1
#define VERSION "0.3.1"
#endif
#ifdef __cplusplus
void exit (int);

configure: exit 0
